[02-Aug-2012 22:06:25 UTC] PHP Fatal error:  Call to a member function fetch_array() on a non-object in /usr/home/blizznet/domains/blizznet.mydevil.net/public_html/includes/classes/class.Database.php on line 149
[04-Aug-2012 21:03:09 UTC] PHP Fatal error:  Language::includeLang(): Failed opening required '/usr/home/blizznet/domains/tarion.net/public_html/language/pl/L18N.php' (include_path='.:/usr/local/share/pear') in /usr/home/blizznet/domains/tarion.net/public_html/includes/classes/class.Lang.php on line 151
[04-Aug-2012 21:03:09 UTC] PHP Fatal error:  Language::includeLang(): Failed opening required '/usr/home/blizznet/domains/tarion.net/public_html/language/pl/L18N.php' (include_path='.:/usr/local/share/pear') in /usr/home/blizznet/domains/tarion.net/public_html/includes/classes/class.Lang.php on line 151
[04-Aug-2012 21:03:10 UTC] PHP Fatal error:  Language::includeLang(): Failed opening required '/usr/home/blizznet/domains/tarion.net/public_html/language/pl/L18N.php' (include_path='.:/usr/local/share/pear') in /usr/home/blizznet/domains/tarion.net/public_html/includes/classes/class.Lang.php on line 151
[04-Aug-2012 21:03:11 UTC] PHP Fatal error:  Language::includeLang(): Failed opening required '/usr/home/blizznet/domains/tarion.net/public_html/language/pl/L18N.php' (include_path='.:/usr/local/share/pear') in /usr/home/blizznet/domains/tarion.net/public_html/includes/classes/class.Lang.php on line 151
[04-Aug-2012 21:03:12 UTC] PHP Fatal error:  Language::includeLang(): Failed opening required '/usr/home/blizznet/domains/tarion.net/public_html/language/pl/L18N.php' (include_path='.:/usr/local/share/pear') in /usr/home/blizznet/domains/tarion.net/public_html/includes/classes/class.Lang.php on line 151
[04-Aug-2012 21:03:12 UTC] PHP Fatal error:  Language::includeLang(): Failed opening required '/usr/home/blizznet/domains/tarion.net/public_html/language/pl/L18N.php' (include_path='.:/usr/local/share/pear') in /usr/home/blizznet/domains/tarion.net/public_html/includes/classes/class.Lang.php on line 151
[04-Aug-2012 21:03:13 UTC] PHP Fatal error:  Language::includeLang(): Failed opening required '/usr/home/blizznet/domains/tarion.net/public_html/language/pl/L18N.php' (include_path='.:/usr/local/share/pear') in /usr/home/blizznet/domains/tarion.net/public_html/includes/classes/class.Lang.php on line 151
[04-Aug-2012 21:03:13 UTC] PHP Fatal error:  Language::includeLang(): Failed opening required '/usr/home/blizznet/domains/tarion.net/public_html/language/pl/L18N.php' (include_path='.:/usr/local/share/pear') in /usr/home/blizznet/domains/tarion.net/public_html/includes/classes/class.Lang.php on line 151
[04-Aug-2012 21:03:15 UTC] PHP Fatal error:  Language::includeLang(): Failed opening required '/usr/home/blizznet/domains/tarion.net/public_html/language/pl/L18N.php' (include_path='.:/usr/local/share/pear') in /usr/home/blizznet/domains/tarion.net/public_html/includes/classes/class.Lang.php on line 151
[04-Aug-2012 21:03:16 UTC] PHP Fatal error:  Language::includeLang(): Failed opening required '/usr/home/blizznet/domains/tarion.net/public_html/language/pl/L18N.php' (include_path='.:/usr/local/share/pear') in /usr/home/blizznet/domains/tarion.net/public_html/includes/classes/class.Lang.php on line 151
[04-Aug-2012 21:03:17 UTC] PHP Fatal error:  Language::includeLang(): Failed opening required '/usr/home/blizznet/domains/tarion.net/public_html/language/pl/L18N.php' (include_path='.:/usr/local/share/pear') in /usr/home/blizznet/domains/tarion.net/public_html/includes/classes/class.Lang.php on line 151
[04-Aug-2012 21:03:19 UTC] PHP Fatal error:  Language::includeLang(): Failed opening required '/usr/home/blizznet/domains/tarion.net/public_html/language/pl/L18N.php' (include_path='.:/usr/local/share/pear') in /usr/home/blizznet/domains/tarion.net/public_html/includes/classes/class.Lang.php on line 151
[04-Aug-2012 21:03:20 UTC] PHP Fatal error:  Language::includeLang(): Failed opening required '/usr/home/blizznet/domains/tarion.net/public_html/language/pl/L18N.php' (include_path='.:/usr/local/share/pear') in /usr/home/blizznet/domains/tarion.net/public_html/includes/classes/class.Lang.php on line 151
[04-Aug-2012 21:03:20 UTC] PHP Fatal error:  Language::includeLang(): Failed opening required '/usr/home/blizznet/domains/tarion.net/public_html/language/pl/L18N.php' (include_path='.:/usr/local/share/pear') in /usr/home/blizznet/domains/tarion.net/public_html/includes/classes/class.Lang.php on line 151
[04-Aug-2012 21:03:21 UTC] PHP Fatal error:  Language::includeLang(): Failed opening required '/usr/home/blizznet/domains/tarion.net/public_html/language/pl/L18N.php' (include_path='.:/usr/local/share/pear') in /usr/home/blizznet/domains/tarion.net/public_html/includes/classes/class.Lang.php on line 151
[04-Aug-2012 21:03:21 UTC] PHP Fatal error:  Language::includeLang(): Failed opening required '/usr/home/blizznet/domains/tarion.net/public_html/language/pl/L18N.php' (include_path='.:/usr/local/share/pear') in /usr/home/blizznet/domains/tarion.net/public_html/includes/classes/class.Lang.php on line 151
[04-Aug-2012 21:03:22 UTC] PHP Fatal error:  Language::includeLang(): Failed opening required '/usr/home/blizznet/domains/tarion.net/public_html/language/pl/L18N.php' (include_path='.:/usr/local/share/pear') in /usr/home/blizznet/domains/tarion.net/public_html/includes/classes/class.Lang.php on line 151
[04-Aug-2012 21:03:24 UTC] PHP Fatal error:  Language::includeLang(): Failed opening required '/usr/home/blizznet/domains/tarion.net/public_html/language/pl/L18N.php' (include_path='.:/usr/local/share/pear') in /usr/home/blizznet/domains/tarion.net/public_html/includes/classes/class.Lang.php on line 151
[04-Aug-2012 21:03:24 UTC] PHP Fatal error:  Language::includeLang(): Failed opening required '/usr/home/blizznet/domains/tarion.net/public_html/language/pl/L18N.php' (include_path='.:/usr/local/share/pear') in /usr/home/blizznet/domains/tarion.net/public_html/includes/classes/class.Lang.php on line 151
[04-Aug-2012 21:03:25 UTC] PHP Fatal error:  Language::includeLang(): Failed opening required '/usr/home/blizznet/domains/tarion.net/public_html/language/pl/L18N.php' (include_path='.:/usr/local/share/pear') in /usr/home/blizznet/domains/tarion.net/public_html/includes/classes/class.Lang.php on line 151
[04-Aug-2012 21:03:25 UTC] PHP Fatal error:  Language::includeLang(): Failed opening required '/usr/home/blizznet/domains/tarion.net/public_html/language/pl/TECH.php' (include_path='.:/usr/local/share/pear') in /usr/home/blizznet/domains/tarion.net/public_html/includes/classes/class.Lang.php on line 151
[04-Aug-2012 21:03:25 UTC] PHP Fatal error:  Language::includeLang(): Failed opening required '/usr/home/blizznet/domains/tarion.net/public_html/language/pl/TECH.php' (include_path='.:/usr/local/share/pear') in /usr/home/blizznet/domains/tarion.net/public_html/includes/classes/class.Lang.php on line 151
[04-Aug-2012 22:06:55 UTC] PHP Fatal error:  Call to a member function fetch_array() on a non-object in /usr/home/blizznet/domains/tarion.net/public_html/includes/classes/class.Database.php on line 149
[06-Aug-2012 11:47:43 UTC] PHP Fatal error:  Language::includeLang(): Failed opening required '/usr/home/blizznet/domains/tarion.net/public_html/language/pl/L18N.php' (include_path='.:/usr/local/share/pear') in /usr/home/blizznet/domains/tarion.net/public_html/includes/classes/class.Lang.php on line 151
[06-Aug-2012 11:47:56 UTC] PHP Fatal error:  Language::includeLang(): Failed opening required '/usr/home/blizznet/domains/tarion.net/public_html/language/pl/L18N.php' (include_path='.:/usr/local/share/pear') in /usr/home/blizznet/domains/tarion.net/public_html/includes/classes/class.Lang.php on line 151
[06-Aug-2012 11:48:01 UTC] PHP Fatal error:  Language::includeLang(): Failed opening required '/usr/home/blizznet/domains/tarion.net/public_html/language/pl/L18N.php' (include_path='.:/usr/local/share/pear') in /usr/home/blizznet/domains/tarion.net/public_html/includes/classes/class.Lang.php on line 151
[06-Aug-2012 11:48:02 UTC] PHP Fatal error:  Language::includeLang(): Failed opening required '/usr/home/blizznet/domains/tarion.net/public_html/language/pl/L18N.php' (include_path='.:/usr/local/share/pear') in /usr/home/blizznet/domains/tarion.net/public_html/includes/classes/class.Lang.php on line 151
[06-Aug-2012 11:48:02 UTC] PHP Fatal error:  Language::includeLang(): Failed opening required '/usr/home/blizznet/domains/tarion.net/public_html/language/pl/L18N.php' (include_path='.:/usr/local/share/pear') in /usr/home/blizznet/domains/tarion.net/public_html/includes/classes/class.Lang.php on line 151
[15-Aug-2012 09:55:50 UTC] PHP Fatal error:  Call to a member function fetch_array() on a non-object in /usr/home/blizznet/domains/tarion.net/public_html/includes/classes/class.Database.php on line 149
[16-Aug-2012 13:56:19 UTC] PHP Fatal error:  Call to a member function fetch_array() on a non-object in /usr/home/blizznet/domains/tarion.net/public_html/includes/classes/class.Database.php on line 149
[18-Aug-2012 09:08:05 UTC] PHP Fatal error:  Call to a member function fetch_array() on a non-object in /usr/home/blizznet/domains/tarion.net/public_html/includes/classes/class.Database.php on line 149
[19-Aug-2012 10:37:28 UTC] PHP Fatal error:  Call to a member function fetch_array() on a non-object in /usr/home/blizznet/domains/tarion.net/public_html/includes/classes/class.Database.php on line 149
[20-Aug-2012 15:38:08 UTC] PHP Fatal error:  Call to a member function fetch_array() on a non-object in /usr/home/blizznet/domains/tarion.net/public_html/includes/classes/class.Database.php on line 149
[22-Aug-2012 11:09:51 UTC] PHP Fatal error:  Call to a member function fetch_array() on a non-object in /usr/home/blizznet/domains/tarion.net/public_html/includes/classes/class.Database.php on line 149
[23-Aug-2012 14:34:00 UTC] PHP Fatal error:  Call to a member function fetch_array() on a non-object in /usr/home/blizznet/domains/tarion.net/public_html/includes/classes/class.Database.php on line 149
[25-Aug-2012 14:09:49 UTC] PHP Fatal error:  Call to a member function fetch_array() on a non-object in /usr/home/blizznet/domains/tarion.net/public_html/includes/classes/class.Database.php on line 149
[26-Aug-2012 23:23:55 UTC] PHP Fatal error:  Call to a member function fetch_array() on a non-object in /usr/home/blizznet/domains/tarion.net/public_html/includes/classes/class.Database.php on line 149
[28-Aug-2012 00:13:54 UTC] PHP Fatal error:  Call to a member function fetch_array() on a non-object in /usr/home/blizznet/domains/tarion.net/public_html/includes/classes/class.Database.php on line 149
[09-Sep-2012 18:07:30 UTC] PHP Fatal error:  Call to a member function fetch_array() on a non-object in /usr/home/blizznet/domains/tarion.net/public_html/includes/classes/class.Database.php on line 149
[11-Sep-2012 21:16:53 UTC] PHP Fatal error:  Call to a member function fetch_array() on a non-object in /usr/home/blizznet/domains/tarion.net/public_html/includes/classes/class.Database.php on line 149
[22-Sep-2012 19:48:01 UTC] PHP Fatal error:  Call to a member function fetch_array() on a non-object in /usr/home/blizznet/domains/tarion.net/public_html/includes/classes/class.Database.php on line 149
[04-Dec-2012 00:52:19 Europe/Warsaw] PHP Fatal error:  Call to a member function fetch_array() on a non-object in /usr/home/blizznet/domains/tarion.net/public_html/includes/classes/class.Database.php on line 149
